# JRE version: Java(TM) SE Runtime Environment (8.0_144-b01) (build 1.8.0_144-b01)
# Java VM: Java HotSpot(TM) 64-Bit Server VM (25.144-b01 mixed mode windows-amd64 compressed oops)
Heap:
 PSYoungGen      total 37888K, used 37860K [0x00000000d6780000, 0x00000000d9180000, 0x0000000100000000)
  eden space 32768K, 100% used [0x00000000d6780000,0x00000000d8780000,0x00000000d8780000)
  from space 5120K, 99% used [0x00000000d8c80000,0x00000000d9179370,0x00000000d9180000)
  to   space 5120K, 96% used [0x00000000d8780000,0x00000000d8c59370,0x00000000d8c80000)
 ParOldGen       total 86016K, used 20944K [0x0000000083600000, 0x0000000088a00000, 0x00000000d6780000)
  object space 86016K, 24% used [0x0000000083600000,0x0000000084a74150,0x0000000088a00000)
 Metaspace       used 11342K, capacity 11510K, committed 11776K, reserved 1058816K
  class space    used 1409K, capacity 1483K, committed 1536K, reserved 1048576K
GC Heap History (5 events):
Event: 532.725 GC heap before
{Heap before GC invocations=1 (full 0):
 PSYoungGen      total 37888K, used 32768K [0x00000000d6780000, 0x00000000d9180000, 0x0000000100000000)
  eden space 32768K, 100% used [0x00000000d6780000,0x00000000d8780000,0x00000000d8780000)
  from space 5120K, 0% used [0x00000000d8c80000,0x00000000d8c80000,0x00000000d9180000)
  to   space 5120K, 0% used [0x00000000d8780000,0x00000000d8780000,0x00000000d8c80000)
 ParOldGen       total 86016K, used 0K [0x0000000083600000, 0x0000000088a00000, 0x00000000d6780000)
  object space 86016K, 0% used [0x0000000083600000,0x0000000083600000,0x0000000088a00000)
 Metaspace       used 11333K, capacity 11510K, committed 11776K, reserved 1058816K
  class space    used 1409K, capacity 1483K, committed 1536K, reserved 1048576K
Event: 532.733 GC heap after
Heap after GC invocations=1 (full 0):
 PSYoungGen      total 37888K, used 5108K [0x00000000d6780000, 0x00000000d9180000, 0x0000000100000000)
  eden space 32768K, 0% used [0x00000000d6780000,0x00000000d6780000,0x00000000d8780000)
  from space 5120K, 99% used [0x00000000d8780000,0x00000000d8c7d380,0x00000000d8c80000)
  to   space 5120K, 0% used [0x00000000d8c80000,0x00000000d8c80000,0x00000000d9180000)
 ParOldGen       total 86016K, used 16502K [0x0000000083600000, 0x0000000088a00000, 0x00000000d6780000)
  object space 86016K, 19% used [0x0000000083600000,0x000000008461d8b0,0x0000000088a00000)
 Metaspace       used 11333K, capacity 11510K, committed 11776K, reserved 1058816K
  class space    used 1409K, capacity 1483K, committed 1536K, reserved 1048576K
}
Event: 3107.945 GC heap before
{Heap before GC invocations=2 (full 0):
 PSYoungGen      total 37888K, used 37876K [0x00000000d6780000, 0x00000000d9180000, 0x0000000100000000)
  eden space 32768K, 100% used [0x00000000d6780000,0x00000000d8780000,0x00000000d8780000)
  from space 5120K, 99% used [0x00000000d8780000,0x00000000d8c7d380,0x00000000d8c80000)
  to   space 5120K, 0% used [0x00000000d8c80000,0x00000000d8c80000,0x00000000d9180000)
 ParOldGen       total 86016K, used 16502K [0x0000000083600000, 0x0000000088a00000, 0x00000000d6780000)
  object space 86016K, 19% used [0x0000000083600000,0x000000008461d8b0,0x0000000088a00000)
 Metaspace       used 11342K, capacity 11510K, committed 11776K, reserved 1058816K
  class space    used 1409K, capacity 1483K, committed 1536K, reserved 1048576K
Event: 3107.961 GC heap after
Heap after GC invocations=2 (full 0):
 PSYoungGen      total 37888K, used 5092K [0x00000000d6780000, 0x00000000d9180000, 0x0000000100000000)
  eden space 32768K, 0% used [0x00000000d6780000,0x00000000d6780000,0x00000000d8780000)
  from space 5120K, 99% used [0x00000000d8c80000,0x00000000d9179370,0x00000000d9180000)
  to   space 5120K, 0% used [0x00000000d8780000,0x00000000d8780000,0x00000000d8c80000)
 ParOldGen       total 86016K, used 20936K [0x0000000083600000, 0x0000000088a00000, 0x00000000d6780000)
  object space 86016K, 24% used [0x0000000083600000,0x0000000084a72150,0x0000000088a00000)
 Metaspace       used 11342K, capacity 11510K, committed 11776K, reserved 1058816K
  class space    used 1409K, capacity 1483K, committed 1536K, reserved 1048576K
}
Event: 5788.349 GC heap before
{Heap before GC invocations=3 (full 0):
 PSYoungGen      total 37888K, used 37860K [0x00000000d6780000, 0x00000000d9180000, 0x0000000100000000)
  eden space 32768K, 100% used [0x00000000d6780000,0x00000000d8780000,0x00000000d8780000)
  from space 5120K, 99% used [0x00000000d8c80000,0x00000000d9179370,0x00000000d9180000)
  to   space 5120K, 0% used [0x00000000d8780000,0x00000000d8780000,0x00000000d8c80000)
 ParOldGen       total 86016K, used 20936K [0x0000000083600000, 0x0000000088a00000, 0x00000000d6780000)
  object space 86016K, 24% used [0x0000000083600000,0x0000000084a72150,0x0000000088a00000)
 Metaspace       used 11342K, capacity 11510K, committed 11776K, reserved 1058816K
  class space    used 1409K, capacity 1483K, committed 1536K, reserved 1048576K

