# JRE version: Java(TM) SE Runtime Environment (8.0_144-b01) (build 1.8.0_144-b01)
# Java VM: Java HotSpot(TM) 64-Bit Server VM (25.144-b01 mixed mode windows-amd64 compressed oops)
Heap:
 PSYoungGen      total 90112K, used 31796K [0x00000000d6780000, 0x00000000e1680000, 0x0000000100000000)
  eden space 65536K, 29% used [0x00000000d6780000,0x00000000d7a2be48,0x00000000da780000)
  from space 24576K, 51% used [0x00000000da780000,0x00000000db3e12a0,0x00000000dbf80000)
  to   space 24064K, 0% used [0x00000000dff00000,0x00000000dff00000,0x00000000e1680000)
 ParOldGen       total 222208K, used 164337K [0x0000000083600000, 0x0000000090f00000, 0x00000000d6780000)
  object space 222208K, 73% used [0x0000000083600000,0x000000008d67c688,0x0000000090f00000)
 Metaspace       used 19615K, capacity 19962K, committed 20352K, reserved 1067008K
  class space    used 2269K, capacity 2365K, committed 2432K, reserved 1048576K
GC Heap History (10 events):
Event: 128.302 GC heap before
{Heap before GC invocations=3 (full 0):
 PSYoungGen      total 37888K, used 37856K [0x00000000d6780000, 0x00000000d9180000, 0x0000000100000000)
  eden space 32768K, 100% used [0x00000000d6780000,0x00000000d8780000,0x00000000d8780000)
  from space 5120K, 99% used [0x00000000d8c80000,0x00000000d9178100,0x00000000d9180000)
  to   space 5120K, 0% used [0x00000000d8780000,0x00000000d8780000,0x00000000d8c80000)
 ParOldGen       total 222208K, used 160287K [0x0000000083600000, 0x0000000090f00000, 0x00000000d6780000)
  object space 222208K, 72% used [0x0000000083600000,0x000000008d287f68,0x0000000090f00000)
 Metaspace       used 19343K, capacity 19630K, committed 20096K, reserved 1067008K
  class space    used 2255K, capacity 2363K, committed 2432K, reserved 1048576K
Event: 128.306 GC heap after
Heap after GC invocations=3 (full 0):
 PSYoungGen      total 37888K, used 5115K [0x00000000d6780000, 0x00000000d9180000, 0x0000000100000000)
  eden space 32768K, 0% used [0x00000000d6780000,0x00000000d6780000,0x00000000d8780000)
  from space 5120K, 99% used [0x00000000d8780000,0x00000000d8c7eeb0,0x00000000d8c80000)
  to   space 5120K, 0% used [0x00000000d8c80000,0x00000000d8c80000,0x00000000d9180000)
 ParOldGen       total 222208K, used 160287K [0x0000000083600000, 0x0000000090f00000, 0x00000000d6780000)
  object space 222208K, 72% used [0x0000000083600000,0x000000008d287f68,0x0000000090f00000)
 Metaspace       used 19343K, capacity 19630K, committed 20096K, reserved 1067008K
  class space    used 2255K, capacity 2363K, committed 2432K, reserved 1048576K
}
Event: 128.417 GC heap before
{Heap before GC invocations=4 (full 0):
 PSYoungGen      total 37888K, used 37883K [0x00000000d6780000, 0x00000000d9180000, 0x0000000100000000)
  eden space 32768K, 100% used [0x00000000d6780000,0x00000000d8780000,0x00000000d8780000)
  from space 5120K, 99% used [0x00000000d8780000,0x00000000d8c7eeb0,0x00000000d8c80000)
  to   space 5120K, 0% used [0x00000000d8c80000,0x00000000d8c80000,0x00000000d9180000)
 ParOldGen       total 222208K, used 160287K [0x0000000083600000, 0x0000000090f00000, 0x00000000d6780000)
  object space 222208K, 72% used [0x0000000083600000,0x000000008d287f68,0x0000000090f00000)
 Metaspace       used 19343K, capacity 19630K, committed 20096K, reserved 1067008K
  class space    used 2255K, capacity 2363K, committed 2432K, reserved 1048576K
Event: 128.420 GC heap after
Heap after GC invocations=4 (full 0):
 PSYoungGen      total 37888K, used 5115K [0x00000000d6780000, 0x00000000db180000, 0x0000000100000000)
  eden space 32768K, 0% used [0x00000000d6780000,0x00000000d6780000,0x00000000d8780000)
  from space 5120K, 99% used [0x00000000d8c80000,0x00000000d917eeb0,0x00000000d9180000)
  to   space 5120K, 0% used [0x00000000d8780000,0x00000000d8780000,0x00000000d8c80000)
 ParOldGen       total 222208K, used 160287K [0x0000000083600000, 0x0000000090f00000, 0x00000000d6780000)
  object space 222208K, 72% used [0x0000000083600000,0x000000008d287f68,0x0000000090f00000)
 Metaspace       used 19343K, capacity 19630K, committed 20096K, reserved 1067008K
  class space    used 2255K, capacity 2363K, committed 2432K, reserved 1048576K
}
Event: 128.533 GC heap before
{Heap before GC invocations=5 (full 0):
 PSYoungGen      total 37888K, used 37883K [0x00000000d6780000, 0x00000000db180000, 0x0000000100000000)
  eden space 32768K, 100% used [0x00000000d6780000,0x00000000d8780000,0x00000000d8780000)
  from space 5120K, 99% used [0x00000000d8c80000,0x00000000d917eeb0,0x00000000d9180000)
  to   space 5120K, 0% used [0x00000000d8780000,0x00000000d8780000,0x00000000d8c80000)
 ParOldGen       total 222208K, used 160287K [0x0000000083600000, 0x0000000090f00000, 0x00000000d6780000)
  object space 222208K, 72% used [0x0000000083600000,0x000000008d287f68,0x0000000090f00000)
 Metaspace       used 19343K, capacity 19630K, committed 20096K, reserved 1067008K
  class space    used 2255K, capacity 2363K, committed 2432K, reserved 1048576K
Event: 128.536 GC heap after
Heap after GC invocations=5 (full 0):
 PSYoungGen      total 37888K, used 5099K [0x00000000d6780000, 0x00000000dd980000, 0x0000000100000000)
  eden space 32768K, 0% used [0x00000000d6780000,0x00000000d6780000,0x00000000d8780000)
  from space 5120K, 99% used [0x00000000d8780000,0x00000000d8c7aec0,0x00000000d8c80000)
  to   space 25600K, 0% used [0x00000000dc080000,0x00000000dc080000,0x00000000dd980000)
 ParOldGen       total 222208K, used 160287K [0x0000000083600000, 0x0000000090f00000, 0x00000000d6780000)
  object space 222208K, 72% used [0x0000000083600000,0x000000008d287f68,0x0000000090f00000)
 Metaspace       used 19343K, capacity 19630K, committed 20096K, reserved 1067008K
  class space    used 2255K, capacity 2363K, committed 2432K, reserved 1048576K
}
Event: 128.655 GC heap before
{Heap before GC invocations=6 (full 0):
 PSYoungGen      total 37888K, used 37853K [0x00000000d6780000, 0x00000000dd980000, 0x0000000100000000)
  eden space 32768K, 99% used [0x00000000d6780000,0x00000000d877c900,0x00000000d8780000)
  from space 5120K, 99% used [0x00000000d8780000,0x00000000d8c7aec0,0x00000000d8c80000)
  to   space 25600K, 0% used [0x00000000dc080000,0x00000000dc080000,0x00000000dd980000)
 ParOldGen       total 222208K, used 160287K [0x0000000083600000, 0x0000000090f00000, 0x00000000d6780000)
  object space 222208K, 72% used [0x0000000083600000,0x000000008d287f68,0x0000000090f00000)
 Metaspace       used 19343K, capacity 19630K, committed 20096K, reserved 1067008K
  class space    used 2255K, capacity 2363K, committed 2432K, reserved 1048576K
Event: 128.660 GC heap after
Heap after GC invocations=6 (full 0):
 PSYoungGen      total 89088K, used 5099K [0x00000000d6780000, 0x00000000dd780000, 0x0000000100000000)
  eden space 65536K, 0% used [0x00000000d6780000,0x00000000d6780000,0x00000000da780000)
  from space 23552K, 21% used [0x00000000dc080000,0x00000000dc57ac18,0x00000000dd780000)
  to   space 24576K, 0% used [0x00000000da780000,0x00000000da780000,0x00000000dbf80000)
 ParOldGen       total 222208K, used 160295K [0x0000000083600000, 0x0000000090f00000, 0x00000000d6780000)
  object space 222208K, 72% used [0x0000000083600000,0x000000008d289f68,0x0000000090f00000)
 Metaspace       used 19343K, capacity 19630K, committed 20096K, reserved 1067008K
  class space    used 2255K, capacity 2363K, committed 2432K, reserved 1048576K
}
Event: 801.128 GC heap before
{Heap before GC invocations=7 (full 0):
 PSYoungGen      total 89088K, used 70635K [0x00000000d6780000, 0x00000000dd780000, 0x0000000100000000)
  eden space 65536K, 100% used [0x00000000d6780000,0x00000000da780000,0x00000000da780000)
  from space 23552K, 21% used [0x00000000dc080000,0x00000000dc57ac18,0x00000000dd780000)
  to   space 24576K, 0% used [0x00000000da780000,0x00000000da780000,0x00000000dbf80000)
 ParOldGen       total 222208K, used 160295K [0x0000000083600000, 0x0000000090f00000, 0x00000000d6780000)
  object space 222208K, 72% used [0x0000000083600000,0x000000008d289f68,0x0000000090f00000)
 Metaspace       used 19600K, capacity 19962K, committed 20352K, reserved 1067008K
  class space    used 2269K, capacity 2365K, committed 2432K, reserved 1048576K
Event: 801.159 GC heap after
Heap after GC invocations=7 (full 0):
 PSYoungGen      total 90112K, used 12676K [0x00000000d6780000, 0x00000000e1680000, 0x0000000100000000)
  eden space 65536K, 0% used [0x00000000d6780000,0x00000000d6780000,0x00000000da780000)
  from space 24576K, 51% used [0x00000000da780000,0x00000000db3e12a0,0x00000000dbf80000)
  to   space 24064K, 0% used [0x00000000dff00000,0x00000000dff00000,0x00000000e1680000)
 ParOldGen       total 222208K, used 164337K [0x0000000083600000, 0x0000000090f00000, 0x00000000d6780000)
  object space 222208K, 73% used [0x0000000083600000,0x000000008d67c688,0x0000000090f00000)
 Metaspace       used 19600K, capacity 19962K, committed 20352K, reserved 1067008K
  class space    used 2269K, capacity 2365K, committed 2432K, reserved 1048576K
}

