# JRE version: Java(TM) SE Runtime Environment (8.0_144-b01) (build 1.8.0_144-b01)
# Java VM: Java HotSpot(TM) 64-Bit Server VM (25.144-b01 mixed mode windows-amd64 compressed oops)
Heap:
 PSYoungGen      total 37888K, used 5110K [0x00000000d6780000, 0x00000000d9180000, 0x0000000100000000)
  eden space 32768K, 0% used [0x00000000d6780000,0x00000000d6780000,0x00000000d8780000)
  from space 5120K, 99% used [0x00000000d8780000,0x00000000d8c7d8e8,0x00000000d8c80000)
  to   space 5120K, 0% used [0x00000000d8c80000,0x00000000d8c80000,0x00000000d9180000)
 ParOldGen       total 86016K, used 30710K [0x0000000083600000, 0x0000000088a00000, 0x00000000d6780000)
  object space 86016K, 35% used [0x0000000083600000,0x00000000853fd9c8,0x0000000088a00000)
 Metaspace       used 20780K, capacity 21072K, committed 21296K, reserved 1069056K
  class space    used 2556K, capacity 2686K, committed 2688K, reserved 1048576K
GC Heap History (7 events):
Event: 33.653 GC heap before
{Heap before GC invocations=1 (full 0):
 PSYoungGen      total 37888K, used 32768K [0x00000000d6780000, 0x00000000d9180000, 0x0000000100000000)
  eden space 32768K, 100% used [0x00000000d6780000,0x00000000d8780000,0x00000000d8780000)
  from space 5120K, 0% used [0x00000000d8c80000,0x00000000d8c80000,0x00000000d9180000)
  to   space 5120K, 0% used [0x00000000d8780000,0x00000000d8780000,0x00000000d8c80000)
 ParOldGen       total 86016K, used 0K [0x0000000083600000, 0x0000000088a00000, 0x00000000d6780000)
  object space 86016K, 0% used [0x0000000083600000,0x0000000083600000,0x0000000088a00000)
 Metaspace       used 12268K, capacity 12480K, committed 12672K, reserved 1060864K
  class space    used 1483K, capacity 1548K, committed 1664K, reserved 1048576K
Event: 33.668 GC heap after
Heap after GC invocations=1 (full 0):
 PSYoungGen      total 37888K, used 5118K [0x00000000d6780000, 0x00000000d9180000, 0x0000000100000000)
  eden space 32768K, 0% used [0x00000000d6780000,0x00000000d6780000,0x00000000d8780000)
  from space 5120K, 99% used [0x00000000d8780000,0x00000000d8c7faa0,0x00000000d8c80000)
  to   space 5120K, 0% used [0x00000000d8c80000,0x00000000d8c80000,0x00000000d9180000)
 ParOldGen       total 86016K, used 19635K [0x0000000083600000, 0x0000000088a00000, 0x00000000d6780000)
  object space 86016K, 22% used [0x0000000083600000,0x000000008492cde8,0x0000000088a00000)
 Metaspace       used 12268K, capacity 12480K, committed 12672K, reserved 1060864K
  class space    used 1483K, capacity 1548K, committed 1664K, reserved 1048576K
}
Event: 40.924 GC heap before
{Heap before GC invocations=2 (full 0):
 PSYoungGen      total 37888K, used 35206K [0x00000000d6780000, 0x00000000d9180000, 0x0000000100000000)
  eden space 32768K, 91% used [0x00000000d6780000,0x00000000d84e1f58,0x00000000d8780000)
  from space 5120K, 99% used [0x00000000d8780000,0x00000000d8c7faa0,0x00000000d8c80000)
  to   space 5120K, 0% used [0x00000000d8c80000,0x00000000d8c80000,0x00000000d9180000)
 ParOldGen       total 86016K, used 19635K [0x0000000083600000, 0x0000000088a00000, 0x00000000d6780000)
  object space 86016K, 22% used [0x0000000083600000,0x000000008492cde8,0x0000000088a00000)
 Metaspace       used 19320K, capacity 19644K, committed 20096K, reserved 1067008K
  class space    used 2274K, capacity 2364K, committed 2432K, reserved 1048576K
Event: 40.933 GC heap after
Heap after GC invocations=2 (full 0):
 PSYoungGen      total 37888K, used 5110K [0x00000000d6780000, 0x00000000d9180000, 0x0000000100000000)
  eden space 32768K, 0% used [0x00000000d6780000,0x00000000d6780000,0x00000000d8780000)
  from space 5120K, 99% used [0x00000000d8c80000,0x00000000d917d8e8,0x00000000d9180000)
  to   space 5120K, 0% used [0x00000000d8780000,0x00000000d8780000,0x00000000d8c80000)
 ParOldGen       total 86016K, used 26194K [0x0000000083600000, 0x0000000088a00000, 0x00000000d6780000)
  object space 86016K, 30% used [0x0000000083600000,0x0000000084f948e8,0x0000000088a00000)
 Metaspace       used 19320K, capacity 19644K, committed 20096K, reserved 1067008K
  class space    used 2274K, capacity 2364K, committed 2432K, reserved 1048576K
}
Event: 43.472 GC heap before
{Heap before GC invocations=3 (full 0):
 PSYoungGen      total 37888K, used 16870K [0x00000000d6780000, 0x00000000d9180000, 0x0000000100000000)
  eden space 32768K, 35% used [0x00000000d6780000,0x00000000d72fbff8,0x00000000d8780000)
  from space 5120K, 99% used [0x00000000d8c80000,0x00000000d917d8e8,0x00000000d9180000)
  to   space 5120K, 0% used [0x00000000d8780000,0x00000000d8780000,0x00000000d8c80000)
 ParOldGen       total 86016K, used 26194K [0x0000000083600000, 0x0000000088a00000, 0x00000000d6780000)
  object space 86016K, 30% used [0x0000000083600000,0x0000000084f948e8,0x0000000088a00000)
 Metaspace       used 20780K, capacity 21072K, committed 21296K, reserved 1069056K
  class space    used 2556K, capacity 2686K, committed 2688K, reserved 1048576K
Event: 43.478 GC heap after
Heap after GC invocations=3 (full 0):
 PSYoungGen      total 37888K, used 5110K [0x00000000d6780000, 0x00000000d9180000, 0x0000000100000000)
  eden space 32768K, 0% used [0x00000000d6780000,0x00000000d6780000,0x00000000d8780000)
  from space 5120K, 99% used [0x00000000d8780000,0x00000000d8c7d8e8,0x00000000d8c80000)
  to   space 5120K, 0% used [0x00000000d8c80000,0x00000000d8c80000,0x00000000d9180000)
 ParOldGen       total 86016K, used 30710K [0x0000000083600000, 0x0000000088a00000, 0x00000000d6780000)
  object space 86016K, 35% used [0x0000000083600000,0x00000000853fd9c8,0x0000000088a00000)
 Metaspace       used 20780K, capacity 21072K, committed 21296K, reserved 1069056K
  class space    used 2556K, capacity 2686K, committed 2688K, reserved 1048576K
}
Event: 43.478 GC heap before
{Heap before GC invocations=4 (full 1):
 PSYoungGen      total 37888K, used 5110K [0x00000000d6780000, 0x00000000d9180000, 0x0000000100000000)
  eden space 32768K, 0% used [0x00000000d6780000,0x00000000d6780000,0x00000000d8780000)
  from space 5120K, 99% used [0x00000000d8780000,0x00000000d8c7d8e8,0x00000000d8c80000)
  to   space 5120K, 0% used [0x00000000d8c80000,0x00000000d8c80000,0x00000000d9180000)
 ParOldGen       total 86016K, used 30710K [0x0000000083600000, 0x0000000088a00000, 0x00000000d6780000)
  object space 86016K, 35% used [0x0000000083600000,0x00000000853fd9c8,0x0000000088a00000)
 Metaspace       used 20780K, capacity 21072K, committed 21296K, reserved 1069056K
  class space    used 2556K, capacity 2686K, committed 2688K, reserved 1048576K

